<?xml version="1.0" encoding="utf-8"?><testsuites name="pytest tests"><testsuite name="pytest" errors="0" failures="0" skipped="0" tests="12" time="0.249" timestamp="2025-12-05T21:40:40.500160+03:00" hostname="Ulyanas-MacBook-Pro.local"><testcase classname="tests.test_errors" name="test_not_found_item" time="0.004" /><testcase classname="tests.test_errors" name="test_validation_error" time="0.003" /><testcase classname="tests.test_health" name="test_health_ok" time="0.003" /><testcase classname="tests.test_recipes" name="test_list_recipes_empty" time="0.004" /><testcase classname="tests.test_recipes" name="test_create_recipe_and_get" time="0.007" /><testcase classname="tests.test_recipes" name="test_create_invalid_recipe" time="0.003" /><testcase classname="tests.test_recipes" name="test_update_recipe" time="0.007" /><testcase classname="tests.test_recipes" name="test_delete_recipe" time="0.009" /><testcase classname="tests.test_s06" name="test_security_headers" time="0.003" /><testcase classname="tests.test_s06" name="test_validate_title_too_long" time="0.003" /><testcase classname="tests.test_s06" name="test_validate_ingredients_not_list" time="0.003" /><testcase classname="tests.test_s06" name="test_validate_ingredient_entry_too_long" time="0.003" /></testsuite></testsuites>
